<?xml version="1.0" encoding="UTF-8"?>
<!-- Generated by org.testng.reporters.JUnitReportReporter -->
<testsuite hostname="ISTN24220" failures="0" tests="1" name="test.tools.webapp.automation.Smoke.MilkrunDeneme" time="51.190" errors="0" timestamp="2020-05-05T10:19:47 EET" skipped="0">
  <testcase classname="test.tools.webapp.automation.Smoke.MilkrunDeneme" name="LoginTest" time="51.190"/>
  <system-out/>
</testsuite> <!-- test.tools.webapp.automation.Smoke.MilkrunDeneme -->
