<?xml version="1.0" encoding="UTF-8"?>
<!-- Generated by org.testng.reporters.JUnitReportReporter -->
<testsuite hostname="ISTN24220" failures="0" tests="1" name="test.tools.webapp.automation.Smoke.MilkrunDeneme" time="18.788" errors="0" timestamp="2020-04-30T20:43:55 EET" skipped="0">
  <testcase classname="test.tools.webapp.automation.Smoke.MilkrunDeneme" name="LoginTest" time="18.788"/>
  <system-out/>
</testsuite> <!-- test.tools.webapp.automation.Smoke.MilkrunDeneme -->
