<?xml version="1.0" encoding="UTF-8"?>
<!-- Generated by org.testng.reporters.JUnitReportReporter -->
<testsuite hostname="ISTN27451" failures="0" tests="1" name="test.tools.webapp.automation.Smoke.MilkrunDeneme" time="5.784" errors="0" timestamp="2020-05-06T22:58:23 EET" skipped="0">
  <testcase classname="test.tools.webapp.automation.Smoke.MilkrunDeneme" name="LoginTest" time="5.784"/>
  <system-out/>
</testsuite> <!-- test.tools.webapp.automation.Smoke.MilkrunDeneme -->
